<?xml version="1.0" encoding="UTF-8"?>
<!-- Generated by org.testng.reporters.JUnitReportReporter -->
<testsuite hostname="jay" failures="0" tests="1" name="TestClassses.urbanladerRun" time="75.914" errors="0" timestamp="2023-06-23T13:09:21 IST" skipped="0">
  <testcase classname="TestClassses.urbanladerRun" name="MainProject" time="75.914"/>
</testsuite> <!-- TestClassses.urbanladerRun -->
